#! /usr/bin/vvp
:ivl_version "11.0 (stable)";
:ivl_delay_selection "TYPICAL";
:vpi_time_precision + 0;
:vpi_module "/usr/lib/x86_64-linux-gnu/ivl/system.vpi";
:vpi_module "/usr/lib/x86_64-linux-gnu/ivl/vhdl_sys.vpi";
:vpi_module "/usr/lib/x86_64-linux-gnu/ivl/vhdl_textio.vpi";
:vpi_module "/usr/lib/x86_64-linux-gnu/ivl/v2005_math.vpi";
:vpi_module "/usr/lib/x86_64-linux-gnu/ivl/va_math.vpi";
S_0x55e749aa9920 .scope module, "i2s_rx" "i2s_rx" 2 1;
 .timescale 0 0;
    .port_info 0 /INPUT 1 "clk";
    .port_info 1 /INPUT 1 "rst_n";
    .port_info 2 /INPUT 1 "rx";
    .port_info 3 /OUTPUT 1 "ws";
    .port_info 4 /OUTPUT 1 "i2s_clk";
    .port_info 5 /OUTPUT 64 "rx_data";
P_0x55e749a81620 .param/l "LEFT_STEREO" 0 2 13, C4<10>;
P_0x55e749a81660 .param/l "RIGHT_STEREO" 0 2 12, C4<01>;
P_0x55e749a816a0 .param/l "STATE_IDLE" 0 2 11, C4<00>;
v0x55e749aa9c80_0 .var "bit_idx", 5 0;
o0x7fa307543048 .functor BUFZ 1, C4<z>; HiZ drive
v0x55e749ad47e0_0 .net "clk", 0 0, o0x7fa307543048;  0 drivers
v0x55e749ad48a0_0 .var "clk_count", 0 0;
v0x55e749ad4940_0 .var "i2s_clk", 0 0;
o0x7fa3075430d8 .functor BUFZ 1, C4<z>; HiZ drive
v0x55e749ad4a00_0 .net "rst_n", 0 0, o0x7fa3075430d8;  0 drivers
o0x7fa307543108 .functor BUFZ 1, C4<z>; HiZ drive
v0x55e749ad4ac0_0 .net "rx", 0 0, o0x7fa307543108;  0 drivers
v0x55e749ad4b80_0 .var "rx_data", 63 0;
v0x55e749ad4c60_0 .var "rx_shift_reg", 63 0;
v0x55e749ad4d40_0 .var "state", 1 0;
v0x55e749ad4e20_0 .var "ws", 0 0;
E_0x55e749ab9220/0 .event negedge, v0x55e749ad4a00_0;
E_0x55e749ab9220/1 .event posedge, v0x55e749ad4940_0;
E_0x55e749ab9220 .event/or E_0x55e749ab9220/0, E_0x55e749ab9220/1;
E_0x55e749aa39b0/0 .event negedge, v0x55e749ad4a00_0;
E_0x55e749aa39b0/1 .event posedge, v0x55e749ad47e0_0;
E_0x55e749aa39b0 .event/or E_0x55e749aa39b0/0, E_0x55e749aa39b0/1;
    .scope S_0x55e749aa9920;
T_0 ;
    %wait E_0x55e749aa39b0;
    %load/vec4 v0x55e749ad4a00_0;
    %nor/r;
    %flag_set/vec4 8;
    %jmp/0xz  T_0.0, 8;
    %pushi/vec4 0, 0, 1;
    %assign/vec4 v0x55e749ad48a0_0, 0;
    %pushi/vec4 0, 0, 1;
    %assign/vec4 v0x55e749ad4940_0, 0;
    %jmp T_0.1;
T_0.0 ;
    %load/vec4 v0x55e749ad48a0_0;
    %pad/u 32;
    %cmpi/e 1, 0, 32;
    %jmp/0xz  T_0.2, 4;
    %load/vec4 v0x55e749ad4940_0;
    %inv;
    %assign/vec4 v0x55e749ad4940_0, 0;
    %pushi/vec4 0, 0, 1;
    %assign/vec4 v0x55e749ad48a0_0, 0;
    %jmp T_0.3;
T_0.2 ;
    %load/vec4 v0x55e749ad48a0_0;
    %pad/u 2;
    %addi 1, 0, 2;
    %pad/u 1;
    %assign/vec4 v0x55e749ad48a0_0, 0;
T_0.3 ;
T_0.1 ;
    %jmp T_0;
    .thread T_0;
    .scope S_0x55e749aa9920;
T_1 ;
    %wait E_0x55e749ab9220;
    %load/vec4 v0x55e749ad4a00_0;
    %nor/r;
    %flag_set/vec4 8;
    %jmp/0xz  T_1.0, 8;
    %pushi/vec4 0, 0, 2;
    %assign/vec4 v0x55e749ad4d40_0, 0;
    %pushi/vec4 0, 0, 6;
    %assign/vec4 v0x55e749aa9c80_0, 0;
    %pushi/vec4 0, 0, 64;
    %assign/vec4 v0x55e749ad4c60_0, 0;
    %pushi/vec4 0, 0, 64;
    %assign/vec4 v0x55e749ad4b80_0, 0;
    %pushi/vec4 1, 0, 1;
    %assign/vec4 v0x55e749ad4e20_0, 0;
    %jmp T_1.1;
T_1.0 ;
    %load/vec4 v0x55e749ad4d40_0;
    %dup/vec4;
    %pushi/vec4 1, 0, 2;
    %cmp/u;
    %jmp/1 T_1.2, 6;
    %dup/vec4;
    %pushi/vec4 2, 0, 2;
    %cmp/u;
    %jmp/1 T_1.3, 6;
    %dup/vec4;
    %pushi/vec4 0, 0, 2;
    %cmp/u;
    %jmp/1 T_1.4, 6;
    %pushi/vec4 0, 0, 2;
    %assign/vec4 v0x55e749ad4d40_0, 0;
    %jmp T_1.6;
T_1.2 ;
    %pushi/vec4 1, 0, 1;
    %store/vec4 v0x55e749ad4e20_0, 0, 1;
    %load/vec4 v0x55e749aa9c80_0;
    %pad/u 32;
    %cmpi/u 31, 0, 32;
    %flag_inv 5; GE is !LT
    %jmp/0xz  T_1.7, 5;
    %load/vec4 v0x55e749aa9c80_0;
    %addi 1, 0, 6;
    %assign/vec4 v0x55e749aa9c80_0, 0;
    %load/vec4 v0x55e749ad4c60_0;
    %parti/s 32, 0, 2;
    %ix/load 4, 0, 0;
    %ix/load 5, 0, 0;
    %flag_set/imm 4, 0;
    %assign/vec4/off/d v0x55e749ad4b80_0, 4, 5;
    %pushi/vec4 2, 0, 2;
    %assign/vec4 v0x55e749ad4d40_0, 0;
    %pushi/vec4 0, 0, 32;
    %ix/load 4, 0, 0;
    %ix/load 5, 0, 0;
    %flag_set/imm 4, 0;
    %assign/vec4/off/d v0x55e749ad4c60_0, 4, 5;
    %jmp T_1.8;
T_1.7 ;
    %load/vec4 v0x55e749ad4ac0_0;
    %ix/load 5, 0, 0;
    %ix/getv 4, v0x55e749aa9c80_0;
    %assign/vec4/off/d v0x55e749ad4c60_0, 4, 5;
    %load/vec4 v0x55e749aa9c80_0;
    %addi 1, 0, 6;
    %assign/vec4 v0x55e749aa9c80_0, 0;
    %load/vec4 v0x55e749aa9c80_0;
    %pad/u 32;
    %cmpi/u 24, 0, 32;
    %flag_inv 5; GE is !LT
    %jmp/0xz  T_1.9, 5;
    %pushi/vec4 0, 0, 1;
    %ix/load 5, 0, 0;
    %ix/getv 4, v0x55e749aa9c80_0;
    %assign/vec4/off/d v0x55e749ad4c60_0, 4, 5;
T_1.9 ;
T_1.8 ;
    %jmp T_1.6;
T_1.3 ;
    %pushi/vec4 0, 0, 1;
    %assign/vec4 v0x55e749ad4e20_0, 0;
    %load/vec4 v0x55e749aa9c80_0;
    %pad/u 32;
    %cmpi/u 63, 0, 32;
    %flag_inv 5; GE is !LT
    %jmp/0xz  T_1.11, 5;
    %load/vec4 v0x55e749ad4c60_0;
    %parti/s 32, 32, 7;
    %ix/load 4, 32, 0;
    %ix/load 5, 0, 0;
    %flag_set/imm 4, 0;
    %assign/vec4/off/d v0x55e749ad4b80_0, 4, 5;
    %pushi/vec4 1, 0, 2;
    %assign/vec4 v0x55e749ad4d40_0, 0;
    %pushi/vec4 0, 0, 32;
    %ix/load 4, 32, 0;
    %ix/load 5, 0, 0;
    %flag_set/imm 4, 0;
    %assign/vec4/off/d v0x55e749ad4c60_0, 4, 5;
    %pushi/vec4 0, 0, 6;
    %assign/vec4 v0x55e749aa9c80_0, 0;
    %jmp T_1.12;
T_1.11 ;
    %load/vec4 v0x55e749ad4ac0_0;
    %ix/load 5, 0, 0;
    %ix/getv 4, v0x55e749aa9c80_0;
    %assign/vec4/off/d v0x55e749ad4c60_0, 4, 5;
    %load/vec4 v0x55e749aa9c80_0;
    %addi 1, 0, 6;
    %assign/vec4 v0x55e749aa9c80_0, 0;
    %load/vec4 v0x55e749aa9c80_0;
    %pad/u 32;
    %cmpi/u 56, 0, 32;
    %flag_inv 5; GE is !LT
    %jmp/0xz  T_1.13, 5;
    %pushi/vec4 0, 0, 1;
    %ix/load 5, 0, 0;
    %ix/getv 4, v0x55e749aa9c80_0;
    %assign/vec4/off/d v0x55e749ad4c60_0, 4, 5;
T_1.13 ;
T_1.12 ;
    %jmp T_1.6;
T_1.4 ;
    %pushi/vec4 1, 0, 2;
    %assign/vec4 v0x55e749ad4d40_0, 0;
    %jmp T_1.6;
T_1.6 ;
    %pop/vec4 1;
T_1.1 ;
    %jmp T_1;
    .thread T_1;
# The file index is used to find the file name in the following table.
:file_names 3;
    "N/A";
    "<interactive>";
    "ahbl_i2s_rx.v";
