#! /usr/bin/vvp
:ivl_version "11.0 (stable)";
:ivl_delay_selection "TYPICAL";
:vpi_time_precision + 0;
:vpi_module "/usr/lib/x86_64-linux-gnu/ivl/system.vpi";
:vpi_module "/usr/lib/x86_64-linux-gnu/ivl/vhdl_sys.vpi";
:vpi_module "/usr/lib/x86_64-linux-gnu/ivl/vhdl_textio.vpi";
:vpi_module "/usr/lib/x86_64-linux-gnu/ivl/v2005_math.vpi";
:vpi_module "/usr/lib/x86_64-linux-gnu/ivl/va_math.vpi";
S_0x5628b8d3ee10 .scope module, "uart_tx_rx_tb" "uart_tx_rx_tb" 2 1;
 .timescale 0 0;
v0x5628b8dacdc0_0 .var "baud_div", 15 0;
v0x5628b8dacef0_0 .var "clk", 0 0;
v0x5628b8dad000_0 .var "data", 7 0;
v0x5628b8dad0a0_0 .net "done_rx", 0 0, v0x5628b8dab210_0;  1 drivers
v0x5628b8dad170_0 .net "done_tx", 0 0, L_0x5628b8dbda80;  1 drivers
v0x5628b8dad260_0 .var "en", 0 0;
v0x5628b8dad330_0 .net "received_data", 7 0, v0x5628b8d70170_0;  1 drivers
v0x5628b8dad400_0 .var "rst_n", 0 0;
v0x5628b8dad4f0_0 .var "start", 0 0;
v0x5628b8dad590_0 .net "tx", 0 0, L_0x5628b8dbdc40;  1 drivers
E_0x5628b8d7deb0 .event edge, v0x5628b8dab390_0;
S_0x5628b8d3efa0 .scope module, "URX" "uart_rx" 2 26, 3 1 0, S_0x5628b8d3ee10;
 .timescale 0 0;
    .port_info 0 /INPUT 1 "clk";
    .port_info 1 /INPUT 1 "rst_n";
    .port_info 2 /INPUT 1 "rx";
    .port_info 3 /INPUT 16 "baud_div";
    .port_info 4 /OUTPUT 8 "data";
    .port_info 5 /OUTPUT 1 "done";
L_0x7f07f9fe6138 .functor BUFT 1, C4<0000000000000000>, C4<0>, C4<0>, C4<0>;
v0x5628b8d6e370_0 .net/2u *"_ivl_0", 15 0, L_0x7f07f9fe6138;  1 drivers
v0x5628b8d6e410_0 .var "baud_cntr", 15 0;
v0x5628b8d6ecd0_0 .net "baud_div", 15 0, v0x5628b8dacdc0_0;  1 drivers
v0x5628b8d6ed70_0 .var "bit_cntr", 3 0;
v0x5628b8d70070_0 .net "clk", 0 0, v0x5628b8dacef0_0;  1 drivers
v0x5628b8d70170_0 .var "data", 7 0;
v0x5628b8dab210_0 .var "done", 0 0;
v0x5628b8dab2d0_0 .var "last", 0 0;
v0x5628b8dab390_0 .net "rst_n", 0 0, v0x5628b8dad400_0;  1 drivers
v0x5628b8dab450_0 .var "run", 0 0;
v0x5628b8dab510_0 .net "rx", 0 0, L_0x5628b8dbdc40;  alias, 1 drivers
v0x5628b8dab5d0_0 .var "rx_reg", 9 0;
v0x5628b8dab6b0_0 .net "tick", 0 0, L_0x5628b8dbdd30;  1 drivers
E_0x5628b8d7fc00/0 .event negedge, v0x5628b8dab390_0;
E_0x5628b8d7fc00/1 .event posedge, v0x5628b8d70070_0;
E_0x5628b8d7fc00 .event/or E_0x5628b8d7fc00/0, E_0x5628b8d7fc00/1;
L_0x5628b8dbdd30 .cmp/eq 16, v0x5628b8d6e410_0, L_0x7f07f9fe6138;
S_0x5628b8dab830 .scope module, "UTX" "uart_tx" 2 11, 4 1 0, S_0x5628b8d3ee10;
 .timescale 0 0;
    .port_info 0 /INPUT 1 "clk";
    .port_info 1 /INPUT 1 "rst_n";
    .port_info 2 /INPUT 1 "en";
    .port_info 3 /INPUT 1 "start";
    .port_info 4 /INPUT 8 "data";
    .port_info 5 /INPUT 16 "baud_div";
    .port_info 6 /OUTPUT 1 "tx";
    .port_info 7 /OUTPUT 1 "done";
v0x5628b8dabb00_0 .net *"_ivl_0", 31 0, L_0x5628b8dad630;  1 drivers
L_0x7f07f9fe60a8 .functor BUFT 1, C4<0000000000000000000000000000>, C4<0>, C4<0>, C4<0>;
v0x5628b8dabbe0_0 .net *"_ivl_11", 27 0, L_0x7f07f9fe60a8;  1 drivers
L_0x7f07f9fe60f0 .functor BUFT 1, C4<00000000000000000000000000000000>, C4<0>, C4<0>, C4<0>;
v0x5628b8dabcc0_0 .net/2u *"_ivl_12", 31 0, L_0x7f07f9fe60f0;  1 drivers
L_0x7f07f9fe6018 .functor BUFT 1, C4<0000000000000000>, C4<0>, C4<0>, C4<0>;
v0x5628b8dabd80_0 .net *"_ivl_3", 15 0, L_0x7f07f9fe6018;  1 drivers
L_0x7f07f9fe6060 .functor BUFT 1, C4<00000000000000000000000000000000>, C4<0>, C4<0>, C4<0>;
v0x5628b8dabe60_0 .net/2u *"_ivl_4", 31 0, L_0x7f07f9fe6060;  1 drivers
v0x5628b8dabf90_0 .net *"_ivl_8", 31 0, L_0x5628b8dbd930;  1 drivers
v0x5628b8dac070_0 .var "baud_cntr", 15 0;
v0x5628b8dac150_0 .net "baud_div", 15 0, v0x5628b8dacdc0_0;  alias, 1 drivers
v0x5628b8dac210_0 .var "bit_cntr", 3 0;
v0x5628b8dac2d0_0 .net "clk", 0 0, v0x5628b8dacef0_0;  alias, 1 drivers
v0x5628b8dac370_0 .net "data", 7 0, v0x5628b8dad000_0;  1 drivers
v0x5628b8dac430_0 .net "done", 0 0, L_0x5628b8dbda80;  alias, 1 drivers
v0x5628b8dac4f0_0 .net "en", 0 0, v0x5628b8dad260_0;  1 drivers
v0x5628b8dac5b0_0 .net "rst_n", 0 0, v0x5628b8dad400_0;  alias, 1 drivers
v0x5628b8dac650_0 .var "run", 0 0;
v0x5628b8dac6f0_0 .net "start", 0 0, v0x5628b8dad4f0_0;  1 drivers
v0x5628b8dac7b0_0 .net "tick", 0 0, L_0x5628b8dbd7c0;  1 drivers
v0x5628b8dac870_0 .net "tx", 0 0, L_0x5628b8dbdc40;  alias, 1 drivers
v0x5628b8dac910_0 .var "tx_reg", 9 0;
L_0x5628b8dad630 .concat [ 16 16 0 0], v0x5628b8dac070_0, L_0x7f07f9fe6018;
L_0x5628b8dbd7c0 .cmp/eq 32, L_0x5628b8dad630, L_0x7f07f9fe6060;
L_0x5628b8dbd930 .concat [ 4 28 0 0], v0x5628b8dac210_0, L_0x7f07f9fe60a8;
L_0x5628b8dbda80 .cmp/eq 32, L_0x5628b8dbd930, L_0x7f07f9fe60f0;
L_0x5628b8dbdc40 .part v0x5628b8dac910_0, 0, 1;
S_0x5628b8dacad0 .scope task, "putchar" "putchar" 2 64, 2 64 0, S_0x5628b8d3ee10;
 .timescale 0 0;
v0x5628b8daccc0_0 .var "char", 7 0;
E_0x5628b8d7f2e0 .event edge, v0x5628b8dab210_0;
E_0x5628b8d629f0 .event edge, v0x5628b8dac430_0;
E_0x5628b8d749e0 .event posedge, v0x5628b8d70070_0;
TD_uart_tx_rx_tb.putchar ;
    %wait E_0x5628b8d749e0;
    %load/vec4 v0x5628b8daccc0_0;
    %store/vec4 v0x5628b8dad000_0, 0, 8;
    %wait E_0x5628b8d749e0;
    %pushi/vec4 1, 0, 1;
    %store/vec4 v0x5628b8dad4f0_0, 0, 1;
    %wait E_0x5628b8d749e0;
    %pushi/vec4 0, 0, 1;
    %store/vec4 v0x5628b8dad4f0_0, 0, 1;
T_0.0 ;
    %load/vec4 v0x5628b8dad170_0;
    %pushi/vec4 1, 0, 1;
    %cmp/e;
    %flag_get/vec4 4;
    %cmpi/ne 1, 0, 1;
    %jmp/0xz T_0.1, 6;
    %wait E_0x5628b8d629f0;
    %jmp T_0.0;
T_0.1 ;
T_0.2 ;
    %load/vec4 v0x5628b8dad0a0_0;
    %pushi/vec4 1, 0, 1;
    %cmp/e;
    %flag_get/vec4 4;
    %cmpi/ne 1, 0, 1;
    %jmp/0xz T_0.3, 6;
    %wait E_0x5628b8d7f2e0;
    %jmp T_0.2;
T_0.3 ;
    %load/vec4 v0x5628b8dad330_0;
    %load/vec4 v0x5628b8daccc0_0;
    %cmp/e;
    %jmp/0xz  T_0.4, 4;
    %vpi_call 2 76 "$display", "Received data: 0x%X", v0x5628b8dad330_0 {0 0 0};
    %jmp T_0.5;
T_0.4 ;
    %vpi_call 2 78 "$display", "Error: Expected 0x%X, but received 0x%X", v0x5628b8daccc0_0, v0x5628b8dad330_0 {0 0 0};
T_0.5 ;
    %end;
    .scope S_0x5628b8dab830;
T_1 ;
    %wait E_0x5628b8d7fc00;
    %load/vec4 v0x5628b8dac5b0_0;
    %nor/r;
    %flag_set/vec4 8;
    %jmp/0xz  T_1.0, 8;
    %pushi/vec4 0, 0, 1;
    %assign/vec4 v0x5628b8dac650_0, 0;
    %jmp T_1.1;
T_1.0 ;
    %load/vec4 v0x5628b8dac6f0_0;
    %flag_set/vec4 8;
    %jmp/0xz  T_1.2, 8;
    %pushi/vec4 1, 0, 1;
    %assign/vec4 v0x5628b8dac650_0, 0;
    %jmp T_1.3;
T_1.2 ;
    %load/vec4 v0x5628b8dac430_0;
    %flag_set/vec4 8;
    %jmp/0xz  T_1.4, 8;
    %pushi/vec4 0, 0, 1;
    %assign/vec4 v0x5628b8dac650_0, 0;
T_1.4 ;
T_1.3 ;
T_1.1 ;
    %jmp T_1;
    .thread T_1;
    .scope S_0x5628b8dab830;
T_2 ;
    %wait E_0x5628b8d7fc00;
    %load/vec4 v0x5628b8dac5b0_0;
    %nor/r;
    %flag_set/vec4 8;
    %jmp/0xz  T_2.0, 8;
    %pushi/vec4 65535, 0, 16;
    %assign/vec4 v0x5628b8dac070_0, 0;
    %jmp T_2.1;
T_2.0 ;
    %load/vec4 v0x5628b8dac7b0_0;
    %load/vec4 v0x5628b8dac6f0_0;
    %or;
    %flag_set/vec4 8;
    %jmp/0xz  T_2.2, 8;
    %load/vec4 v0x5628b8dac150_0;
    %assign/vec4 v0x5628b8dac070_0, 0;
    %jmp T_2.3;
T_2.2 ;
    %load/vec4 v0x5628b8dac4f0_0;
    %load/vec4 v0x5628b8dac650_0;
    %and;
    %flag_set/vec4 8;
    %jmp/0xz  T_2.4, 8;
    %load/vec4 v0x5628b8dac070_0;
    %subi 1, 0, 16;
    %assign/vec4 v0x5628b8dac070_0, 0;
T_2.4 ;
T_2.3 ;
T_2.1 ;
    %jmp T_2;
    .thread T_2;
    .scope S_0x5628b8dab830;
T_3 ;
    %wait E_0x5628b8d7fc00;
    %load/vec4 v0x5628b8dac5b0_0;
    %nor/r;
    %flag_set/vec4 8;
    %jmp/0xz  T_3.0, 8;
    %pushi/vec4 1023, 0, 10;
    %assign/vec4 v0x5628b8dac910_0, 0;
    %jmp T_3.1;
T_3.0 ;
    %load/vec4 v0x5628b8dac7b0_0;
    %flag_set/vec4 8;
    %jmp/0xz  T_3.2, 8;
    %pushi/vec4 1, 0, 1;
    %load/vec4 v0x5628b8dac910_0;
    %parti/s 9, 1, 2;
    %concat/vec4; draw_concat_vec4
    %assign/vec4 v0x5628b8dac910_0, 0;
    %jmp T_3.3;
T_3.2 ;
    %load/vec4 v0x5628b8dac6f0_0;
    %flag_set/vec4 8;
    %jmp/0xz  T_3.4, 8;
    %pushi/vec4 1, 0, 1;
    %load/vec4 v0x5628b8dac370_0;
    %concat/vec4; draw_concat_vec4
    %concati/vec4 0, 0, 1;
    %assign/vec4 v0x5628b8dac910_0, 0;
T_3.4 ;
T_3.3 ;
T_3.1 ;
    %jmp T_3;
    .thread T_3;
    .scope S_0x5628b8dab830;
T_4 ;
    %wait E_0x5628b8d7fc00;
    %load/vec4 v0x5628b8dac5b0_0;
    %nor/r;
    %flag_set/vec4 8;
    %jmp/0xz  T_4.0, 8;
    %pushi/vec4 10, 0, 4;
    %assign/vec4 v0x5628b8dac210_0, 0;
    %jmp T_4.1;
T_4.0 ;
    %load/vec4 v0x5628b8dac6f0_0;
    %flag_set/vec4 8;
    %jmp/0xz  T_4.2, 8;
    %pushi/vec4 10, 0, 4;
    %assign/vec4 v0x5628b8dac210_0, 0;
    %jmp T_4.3;
T_4.2 ;
    %load/vec4 v0x5628b8dac7b0_0;
    %load/vec4 v0x5628b8dac430_0;
    %inv;
    %and;
    %flag_set/vec4 8;
    %jmp/0xz  T_4.4, 8;
    %load/vec4 v0x5628b8dac210_0;
    %subi 1, 0, 4;
    %assign/vec4 v0x5628b8dac210_0, 0;
T_4.4 ;
T_4.3 ;
T_4.1 ;
    %jmp T_4;
    .thread T_4;
    .scope S_0x5628b8d3efa0;
T_5 ;
    %wait E_0x5628b8d7fc00;
    %load/vec4 v0x5628b8dab390_0;
    %nor/r;
    %flag_set/vec4 8;
    %jmp/0xz  T_5.0, 8;
    %pushi/vec4 65535, 0, 16;
    %assign/vec4 v0x5628b8d6e410_0, 0;
    %jmp T_5.1;
T_5.0 ;
    %load/vec4 v0x5628b8dab6b0_0;
    %flag_set/vec4 8;
    %jmp/0xz  T_5.2, 8;
    %load/vec4 v0x5628b8d6ecd0_0;
    %assign/vec4 v0x5628b8d6e410_0, 0;
    %jmp T_5.3;
T_5.2 ;
    %load/vec4 v0x5628b8dab450_0;
    %flag_set/vec4 8;
    %jmp/0xz  T_5.4, 8;
    %load/vec4 v0x5628b8d6e410_0;
    %subi 1, 0, 16;
    %assign/vec4 v0x5628b8d6e410_0, 0;
T_5.4 ;
T_5.3 ;
T_5.1 ;
    %jmp T_5;
    .thread T_5;
    .scope S_0x5628b8d3efa0;
T_6 ;
    %wait E_0x5628b8d7fc00;
    %load/vec4 v0x5628b8dab390_0;
    %nor/r;
    %flag_set/vec4 8;
    %jmp/0xz  T_6.0, 8;
    %pushi/vec4 0, 0, 1;
    %assign/vec4 v0x5628b8dab450_0, 0;
    %pushi/vec4 0, 0, 4;
    %assign/vec4 v0x5628b8d6ed70_0, 0;
    %pushi/vec4 1023, 0, 10;
    %assign/vec4 v0x5628b8dab5d0_0, 0;
    %pushi/vec4 0, 0, 1;
    %assign/vec4 v0x5628b8dab210_0, 0;
    %pushi/vec4 0, 0, 8;
    %assign/vec4 v0x5628b8d70170_0, 0;
    %pushi/vec4 0, 0, 1;
    %assign/vec4 v0x5628b8dab2d0_0, 0;
    %jmp T_6.1;
T_6.0 ;
    %load/vec4 v0x5628b8dab450_0;
    %flag_set/vec4 8;
    %jmp/0xz  T_6.2, 8;
    %load/vec4 v0x5628b8dab6b0_0;
    %flag_set/vec4 8;
    %jmp/0xz  T_6.4, 8;
    %load/vec4 v0x5628b8dab2d0_0;
    %flag_set/vec4 8;
    %jmp/0xz  T_6.6, 8;
    %load/vec4 v0x5628b8dab5d0_0;
    %parti/s 8, 1, 2;
    %assign/vec4 v0x5628b8d70170_0, 0;
    %pushi/vec4 1, 0, 1;
    %assign/vec4 v0x5628b8dab210_0, 0;
    %pushi/vec4 0, 0, 1;
    %assign/vec4 v0x5628b8dab450_0, 0;
    %pushi/vec4 0, 0, 1;
    %assign/vec4 v0x5628b8dab2d0_0, 0;
    %jmp T_6.7;
T_6.6 ;
    %load/vec4 v0x5628b8d6ed70_0;
    %pad/u 32;
    %cmpi/u 0, 0, 32;
    %flag_or 5, 4; GT is !LE
    %flag_inv 5;
    %jmp/0xz  T_6.8, 5;
    %load/vec4 v0x5628b8dab510_0;
    %load/vec4 v0x5628b8dab5d0_0;
    %parti/s 9, 1, 2;
    %concat/vec4; draw_concat_vec4
    %assign/vec4 v0x5628b8dab5d0_0, 0;
    %load/vec4 v0x5628b8d6ed70_0;
    %subi 1, 0, 4;
    %assign/vec4 v0x5628b8d6ed70_0, 0;
    %load/vec4 v0x5628b8d6ed70_0;
    %cmpi/e 1, 0, 4;
    %jmp/0xz  T_6.10, 4;
    %pushi/vec4 1, 0, 1;
    %assign/vec4 v0x5628b8dab2d0_0, 0;
T_6.10 ;
    %jmp T_6.9;
T_6.8 ;
    %load/vec4 v0x5628b8d6ed70_0;
    %cmpi/e 0, 0, 4;
    %jmp/0xz  T_6.12, 4;
    %load/vec4 v0x5628b8dab510_0;
    %inv;
    %flag_set/vec4 8;
    %jmp/0xz  T_6.14, 8;
    %pushi/vec4 1, 0, 1;
    %assign/vec4 v0x5628b8dab450_0, 0;
    %pushi/vec4 9, 0, 4;
    %assign/vec4 v0x5628b8d6ed70_0, 0;
T_6.14 ;
T_6.12 ;
T_6.9 ;
T_6.7 ;
T_6.4 ;
    %jmp T_6.3;
T_6.2 ;
    %load/vec4 v0x5628b8d6ed70_0;
    %pushi/vec4 0, 0, 4;
    %cmp/e;
    %flag_get/vec4 4;
    %load/vec4 v0x5628b8dab510_0;
    %inv;
    %and;
    %flag_set/vec4 8;
    %jmp/0xz  T_6.16, 8;
    %pushi/vec4 1, 0, 1;
    %assign/vec4 v0x5628b8dab450_0, 0;
    %load/vec4 v0x5628b8d6ecd0_0;
    %assign/vec4 v0x5628b8d6e410_0, 0;
    %jmp T_6.17;
T_6.16 ;
    %pushi/vec4 0, 0, 1;
    %assign/vec4 v0x5628b8dab210_0, 0;
T_6.17 ;
T_6.3 ;
T_6.1 ;
    %jmp T_6;
    .thread T_6;
    .scope S_0x5628b8d3ee10;
T_7 ;
    %pushi/vec4 0, 0, 1;
    %store/vec4 v0x5628b8dacef0_0, 0, 1;
    %pushi/vec4 0, 0, 1;
    %store/vec4 v0x5628b8dad400_0, 0, 1;
    %end;
    .thread T_7;
    .scope S_0x5628b8d3ee10;
T_8 ;
    %delay 10, 0;
    %load/vec4 v0x5628b8dacef0_0;
    %nor/r;
    %store/vec4 v0x5628b8dacef0_0, 0, 1;
    %jmp T_8;
    .thread T_8;
    .scope S_0x5628b8d3ee10;
T_9 ;
    %delay 777, 0;
    %wait E_0x5628b8d749e0;
    %delay 1, 0;
    %pushi/vec4 1, 0, 1;
    %store/vec4 v0x5628b8dad400_0, 0, 1;
    %end;
    .thread T_9;
    .scope S_0x5628b8d3ee10;
T_10 ;
    %vpi_call 2 44 "$dumpfile", "uart_tx_rx_tb.vcd" {0 0 0};
    %vpi_call 2 45 "$dumpvars" {0 0 0};
    %end;
    .thread T_10;
    .scope S_0x5628b8d3ee10;
T_11 ;
    %pushi/vec4 0, 0, 1;
    %store/vec4 v0x5628b8dad260_0, 0, 1;
    %pushi/vec4 0, 0, 1;
    %store/vec4 v0x5628b8dad4f0_0, 0, 1;
T_11.0 ;
    %load/vec4 v0x5628b8dad400_0;
    %pushi/vec4 1, 0, 1;
    %cmp/e;
    %flag_get/vec4 4;
    %cmpi/ne 1, 0, 1;
    %jmp/0xz T_11.1, 6;
    %wait E_0x5628b8d7deb0;
    %jmp T_11.0;
T_11.1 ;
    %wait E_0x5628b8d749e0;
    %pushi/vec4 1, 0, 1;
    %store/vec4 v0x5628b8dad260_0, 0, 1;
    %pushi/vec4 9, 0, 16;
    %store/vec4 v0x5628b8dacdc0_0, 0, 16;
    %pushi/vec4 165, 0, 8;
    %store/vec4 v0x5628b8daccc0_0, 0, 8;
    %fork TD_uart_tx_rx_tb.putchar, S_0x5628b8dacad0;
    %join;
    %pushi/vec4 240, 0, 8;
    %store/vec4 v0x5628b8daccc0_0, 0, 8;
    %fork TD_uart_tx_rx_tb.putchar, S_0x5628b8dacad0;
    %join;
    %delay 100, 0;
    %vpi_call 2 61 "$finish" {0 0 0};
    %end;
    .thread T_11;
# The file index is used to find the file name in the following table.
:file_names 5;
    "N/A";
    "<interactive>";
    "uart_tx_rx_tb.v";
    "uart_rx.v";
    "uart_tx.v";
